<?xml version="1.0" encoding="UTF-8"?>
<!-- Generated by org.testng.reporters.JUnitReportReporter -->
<testsuite hostname="DESKTOP-R5FUEAI" failures="0" tests="1" name="PageTest.noDuplicateCategoryTest" time="10.972" errors="0" timestamp="2023-01-16T22:28:08 CST" skipped="0">
  <testcase classname="PageTest.noDuplicateCategoryTest" name="duplicationTest" time="10.972"/>
  <system-out/>
</testsuite> <!-- PageTest.noDuplicateCategoryTest -->
