<?xml version="1.0" encoding="UTF-8"?>
<!-- Generated by org.testng.reporters.JUnitReportReporter -->
<testsuite hostname="DESKTOP-R5FUEAI" failures="0" tests="1" name="PageTest.monthDropDownTest" time="30.210" errors="0" timestamp="2023-01-19T11:27:04 CST" skipped="0">
  <testcase classname="PageTest.monthDropDownTest" name="monthDropTest" time="30.210"/>
  <system-out/>
</testsuite> <!-- PageTest.monthDropDownTest -->
