<?xml version="1.0" encoding="UTF-8"?>
<!-- Generated by org.testng.reporters.JUnitReportReporter -->
<testsuite hostname="DESKTOP-R5FUEAI" failures="0" tests="1" name="PageTest.addctaegoryTest" time="27.564" errors="0" timestamp="2023-01-19T11:26:06 CST" skipped="0">
  <testcase classname="PageTest.addctaegoryTest" name="validateCategoryadded" time="27.564"/>
  <system-out/>
</testsuite> <!-- PageTest.addctaegoryTest -->
